<?xml version="1.0" encoding="UTF-8"?>
<!-- Generated by org.testng.reporters.JUnitXMLReporter -->
<testsuite ignored="0" hostname="DESKTOP-N9QFJ52" failures="0" tests="4" name="Test_chrome" time="21.418" errors="0" timestamp="2021-12-03T11:21:40 IST">
  <testcase classname="appHooks.DummyClass" name="Writer_Browser_In_Property_File" time="0.018"/>
  <testcase classname="io.cucumber.testng.AbstractTestNGCucumberTests" name="runScenario" time="10.159"/>
  <testcase classname="io.cucumber.testng.AbstractTestNGCucumberTests" name="runScenario" time="5.428"/>
  <testcase classname="io.cucumber.testng.AbstractTestNGCucumberTests" name="runScenario" time="4.958"/>
</testsuite> <!-- Test_chrome -->
