<?xml version="1.0" encoding="UTF-8"?>
<!-- Generated by org.testng.reporters.JUnitXMLReporter -->
<testsuite ignored="0" hostname="DESKTOP-N9QFJ52" failures="1" tests="1" name="Testname" time="12.765" errors="0" timestamp="2021-11-29T14:24:28 IST">
  <testcase classname="io.cucumber.testng.AbstractTestNGCucumberTests" name="runScenario" time="12.107">
    <failure type="java.lang.AssertionError" message="expected [Selenium Test Example Page1] but found [Selenium Test Example Page]">
      <![CDATA[java.lang.AssertionError: expected [Selenium Test Example Page1] but found [Selenium Test Example Page]
at stepDefination.HomePage.system_should_open(HomePage.java:36)
at ✽.system should open "Selenium Test Example Page1"(file:///C:/Users/ignite/git/cucumber/cucumberproject/src/test/resources/features/sprint1/feature1.feature:6)
... Removed 6 stack frames]]>
    </failure>
  </testcase> <!-- runScenario -->
</testsuite> <!-- Testname -->
